CBMC version 5.4 64-bit x86_64 linux
Parsing /home/trucnguyenlam/Development/benchmarks/03.Jad-popl15/001.elimstack/benchs/_cs_elimination-backoff-stack.brace-bug.c._pp_.c
Converting
Type-checking _cs_elimination-backoff-stack.brace-bug.c._pp_
Generating GOTO Program
Adding CPROVER library (x86_64)
Function Pointer Removal
Partial Inlining
Generic Property Instrumentation
Starting Bounded Model Checking
size of program expression: 29654 steps
simple slicing removed 271 assignments
Generated 20 VCC(s), 20 remaining after simplification
Passing problem to propositional reduction
converting SSA
Running propositional reduction
Post-processing
Solving with MiniSAT 2.2.1 with simplifier
4083087 variables, 17256953 clauses
SAT checker: instance is UNSATISFIABLE
Runtime decision procedure: 3728.32s
VERIFICATION SUCCESSFUL
