CBMC version 5.4 64-bit x86_64 linux
Parsing ../getafix/getafix-concurrent/experiments/03/_cs_treiber-stack.aba-bug.c
Converting
Type-checking _cs_treiber-stack.aba-bug
Generating GOTO Program
Adding CPROVER library (x86_64)
Function Pointer Removal
Partial Inlining
Generic Property Instrumentation
Starting Bounded Model Checking
size of program expression: 6125 steps
simple slicing removed 300 assignments
Generated 21 VCC(s), 21 remaining after simplification
Passing problem to propositional reduction
converting SSA
Running propositional reduction
Post-processing
Solving with MiniSAT 2.2.1 with simplifier
69574 variables, 253632 clauses
SAT checker: instance is UNSATISFIABLE
Runtime decision procedure: 8.298s
VERIFICATION SUCCESSFUL
