CBMC version 5.4 64-bit x86_64 linux
Parsing /home/trucnguyenlam/Development/getafix/getafix-concurrent/experiments/02/_cs_elimination-backoff-stack.aba-bug.c._pp_.c
Converting
Type-checking _cs_elimination-backoff-stack.aba-bug.c._pp_
Generating GOTO Program
Adding CPROVER library (x86_64)
Function Pointer Removal
Partial Inlining
Generic Property Instrumentation
Starting Bounded Model Checking
size of program expression: 21338 steps
simple slicing removed 333 assignments
Generated 14 VCC(s), 14 remaining after simplification
Passing problem to propositional reduction
converting SSA
Running propositional reduction
Post-processing
Solving with MiniSAT 2.2.1 with simplifier
2944396 variables, 12146109 clauses
SAT checker: instance is UNSATISFIABLE
Runtime decision procedure: 21461.4s
VERIFICATION SUCCESSFUL
