CBMC version 5.4 64-bit x86_64 linux
Parsing /home/trucnguyenlam/Development/benchmarks/03.Jad-popl15/001.elimstack/benchs/_cs_elimination-backoff-stack.empty-bug.c._pp_.c
Converting
Type-checking _cs_elimination-backoff-stack.empty-bug.c._pp_
Generating GOTO Program
Adding CPROVER library (x86_64)
Function Pointer Removal
Partial Inlining
Generic Property Instrumentation
Starting Bounded Model Checking
size of program expression: 26483 steps
simple slicing removed 253 assignments
Generated 12 VCC(s), 12 remaining after simplification
Passing problem to propositional reduction
converting SSA
Running propositional reduction
Post-processing
Solving with MiniSAT 2.2.1 with simplifier
1895231 variables, 8513334 clauses
SAT checker: instance is SATISFIABLE
Runtime decision procedure: 226.26s
Building error trace

Counterexample:

State 138 file /home/trucnguyenlam/Development/benchmarks/03.Jad-popl15/001.elimstack/benchs/_cs_elimination-backoff-stack.empty-bug.c._pp_.c line 1146 function main thread 0
----------------------------------------------------
  thread_index=0 (00000000000000000000000000000000)

State 142 file /home/trucnguyenlam/Development/benchmarks/03.Jad-popl15/001.elimstack/benchs/_cs_elimination-backoff-stack.empty-bug.c._pp_.c line 142 function guess_pc thread 0
----------------------------------------------------
  i=5 (000101)

State 147 file /home/trucnguyenlam/Development/benchmarks/03.Jad-popl15/001.elimstack/benchs/_cs_elimination-backoff-stack.empty-bug.c._pp_.c line 1147 function main thread 0
----------------------------------------------------
  pc_cs=5 (0000101)

State 152 file /home/trucnguyenlam/Development/benchmarks/03.Jad-popl15/001.elimstack/benchs/_cs_elimination-backoff-stack.empty-bug.c._pp_.c line 1109 function main_thread thread 0
----------------------------------------------------
  S.ptop=((struct Cell *)NULL) (0000000000000000000000000000000000000000000000000000000000000000)

State 156 file /home/trucnguyenlam/Development/benchmarks/03.Jad-popl15/001.elimstack/benchs/_cs_elimination-backoff-stack.empty-bug.c._pp_.c line 1115 function main_thread thread 0
----------------------------------------------------
  var=&__csLOCAL_main_tid1 (0000111000000000000000000000000000000000000000000000000000000000)

State 157 file /home/trucnguyenlam/Development/benchmarks/03.Jad-popl15/001.elimstack/benchs/_cs_elimination-backoff-stack.empty-bug.c._pp_.c line 1115 function main_thread thread 0
----------------------------------------------------
  size=4 (0000000000000000000000000000000000000000000000000000000000000100)

State 159 file /home/trucnguyenlam/Development/benchmarks/03.Jad-popl15/001.elimstack/benchs/_cs_elimination-backoff-stack.empty-bug.c._pp_.c line 132 function __cs_init_scalar thread 0
----------------------------------------------------
  __csLOCAL_main_tid1=0 (00000000000000000000000000000000)

State 164 file /home/trucnguyenlam/Development/benchmarks/03.Jad-popl15/001.elimstack/benchs/_cs_elimination-backoff-stack.empty-bug.c._pp_.c line 1117 function main_thread thread 0
----------------------------------------------------
  var=&__csLOCAL_main_tid2 (0000111100000000000000000000000000000000000000000000000000000000)

State 165 file /home/trucnguyenlam/Development/benchmarks/03.Jad-popl15/001.elimstack/benchs/_cs_elimination-backoff-stack.empty-bug.c._pp_.c line 1117 function main_thread thread 0
----------------------------------------------------
  size=4 (0000000000000000000000000000000000000000000000000000000000000100)

State 167 file /home/trucnguyenlam/Development/benchmarks/03.Jad-popl15/001.elimstack/benchs/_cs_elimination-backoff-stack.empty-bug.c._pp_.c line 132 function __cs_init_scalar thread 0
----------------------------------------------------
  __csLOCAL_main_tid2=0 (00000000000000000000000000000000)

State 172 file /home/trucnguyenlam/Development/benchmarks/03.Jad-popl15/001.elimstack/benchs/_cs_elimination-backoff-stack.empty-bug.c._pp_.c line 1119 function main_thread thread 0
----------------------------------------------------
  var=&__csLOCAL_main_tid3 (0001000000000000000000000000000000000000000000000000000000000000)

State 173 file /home/trucnguyenlam/Development/benchmarks/03.Jad-popl15/001.elimstack/benchs/_cs_elimination-backoff-stack.empty-bug.c._pp_.c line 1119 function main_thread thread 0
----------------------------------------------------
  size=4 (0000000000000000000000000000000000000000000000000000000000000100)

State 175 file /home/trucnguyenlam/Development/benchmarks/03.Jad-popl15/001.elimstack/benchs/_cs_elimination-backoff-stack.empty-bug.c._pp_.c line 132 function __cs_init_scalar thread 0
----------------------------------------------------
  __csLOCAL_main_tid3=0 (00000000000000000000000000000000)

State 180 file /home/trucnguyenlam/Development/benchmarks/03.Jad-popl15/001.elimstack/benchs/_cs_elimination-backoff-stack.empty-bug.c._pp_.c line 1121 function main_thread thread 0
----------------------------------------------------
  var=&__csLOCAL_main_tid4 (0001000100000000000000000000000000000000000000000000000000000000)

State 181 file /home/trucnguyenlam/Development/benchmarks/03.Jad-popl15/001.elimstack/benchs/_cs_elimination-backoff-stack.empty-bug.c._pp_.c line 1121 function main_thread thread 0
----------------------------------------------------
  size=4 (0000000000000000000000000000000000000000000000000000000000000100)

State 183 file /home/trucnguyenlam/Development/benchmarks/03.Jad-popl15/001.elimstack/benchs/_cs_elimination-backoff-stack.empty-bug.c._pp_.c line 132 function __cs_init_scalar thread 0
----------------------------------------------------
  __csLOCAL_main_tid4=0 (00000000000000000000000000000000)

State 188 file /home/trucnguyenlam/Development/benchmarks/03.Jad-popl15/001.elimstack/benchs/_cs_elimination-backoff-stack.empty-bug.c._pp_.c line 1122 function main_thread thread 0
----------------------------------------------------
  id=&__csLOCAL_main_tid1 (0000111000000000000000000000000000000000000000000000000000000000)

State 189 file /home/trucnguyenlam/Development/benchmarks/03.Jad-popl15/001.elimstack/benchs/_cs_elimination-backoff-stack.empty-bug.c._pp_.c line 1122 function main_thread thread 0
----------------------------------------------------
  attr=NULL (0000000000000000000000000000000000000000000000000000000000000000)

State 190 file /home/trucnguyenlam/Development/benchmarks/03.Jad-popl15/001.elimstack/benchs/_cs_elimination-backoff-stack.empty-bug.c._pp_.c line 1122 function main_thread thread 0
----------------------------------------------------
  t=instrPush0_0 (0001001000000000000000000000000000000000000000000000000000000000)

State 191 file /home/trucnguyenlam/Development/benchmarks/03.Jad-popl15/001.elimstack/benchs/_cs_elimination-backoff-stack.empty-bug.c._pp_.c line 1122 function main_thread thread 0
----------------------------------------------------
  arg=NULL (0000000000000000000000000000000000000000000000000000000000000000)

State 192 file /home/trucnguyenlam/Development/benchmarks/03.Jad-popl15/001.elimstack/benchs/_cs_elimination-backoff-stack.empty-bug.c._pp_.c line 1122 function main_thread thread 0
----------------------------------------------------
  threadID=1 (00000000000000000000000000000001)

State 194 file /home/trucnguyenlam/Development/benchmarks/03.Jad-popl15/001.elimstack/benchs/_cs_elimination-backoff-stack.empty-bug.c._pp_.c line 87 function __cs_create thread 0
----------------------------------------------------
  __csLOCAL_main_tid1=1 (00000000000000000000000000000001)

State 195 file /home/trucnguyenlam/Development/benchmarks/03.Jad-popl15/001.elimstack/benchs/_cs_elimination-backoff-stack.empty-bug.c._pp_.c line 87 function __cs_create thread 0
----------------------------------------------------
  active_thread[1]=1 (1)

State 196 file /home/trucnguyenlam/Development/benchmarks/03.Jad-popl15/001.elimstack/benchs/_cs_elimination-backoff-stack.empty-bug.c._pp_.c line 87 function __cs_create thread 0
----------------------------------------------------
  threadargs[1]=NULL (0000000000000000000000000000000000000000000000000000000000000000)

State 202 file /home/trucnguyenlam/Development/benchmarks/03.Jad-popl15/001.elimstack/benchs/_cs_elimination-backoff-stack.empty-bug.c._pp_.c line 1123 function main_thread thread 0
----------------------------------------------------
  id=&__csLOCAL_main_tid2 (0000111100000000000000000000000000000000000000000000000000000000)

State 203 file /home/trucnguyenlam/Development/benchmarks/03.Jad-popl15/001.elimstack/benchs/_cs_elimination-backoff-stack.empty-bug.c._pp_.c line 1123 function main_thread thread 0
----------------------------------------------------
  attr=NULL (0000000000000000000000000000000000000000000000000000000000000000)

State 204 file /home/trucnguyenlam/Development/benchmarks/03.Jad-popl15/001.elimstack/benchs/_cs_elimination-backoff-stack.empty-bug.c._pp_.c line 1123 function main_thread thread 0
----------------------------------------------------
  t=instrPush1_0 (0001001100000000000000000000000000000000000000000000000000000000)

State 205 file /home/trucnguyenlam/Development/benchmarks/03.Jad-popl15/001.elimstack/benchs/_cs_elimination-backoff-stack.empty-bug.c._pp_.c line 1123 function main_thread thread 0
----------------------------------------------------
  arg=NULL (0000000000000000000000000000000000000000000000000000000000000000)

State 206 file /home/trucnguyenlam/Development/benchmarks/03.Jad-popl15/001.elimstack/benchs/_cs_elimination-backoff-stack.empty-bug.c._pp_.c line 1123 function main_thread thread 0
----------------------------------------------------
  threadID=2 (00000000000000000000000000000010)

State 208 file /home/trucnguyenlam/Development/benchmarks/03.Jad-popl15/001.elimstack/benchs/_cs_elimination-backoff-stack.empty-bug.c._pp_.c line 87 function __cs_create thread 0
----------------------------------------------------
  __csLOCAL_main_tid2=2 (00000000000000000000000000000010)

State 209 file /home/trucnguyenlam/Development/benchmarks/03.Jad-popl15/001.elimstack/benchs/_cs_elimination-backoff-stack.empty-bug.c._pp_.c line 87 function __cs_create thread 0
----------------------------------------------------
  active_thread[2]=1 (1)

State 210 file /home/trucnguyenlam/Development/benchmarks/03.Jad-popl15/001.elimstack/benchs/_cs_elimination-backoff-stack.empty-bug.c._pp_.c line 87 function __cs_create thread 0
----------------------------------------------------
  threadargs[2]=NULL (0000000000000000000000000000000000000000000000000000000000000000)

State 216 file /home/trucnguyenlam/Development/benchmarks/03.Jad-popl15/001.elimstack/benchs/_cs_elimination-backoff-stack.empty-bug.c._pp_.c line 1124 function main_thread thread 0
----------------------------------------------------
  id=&__csLOCAL_main_tid3 (0001000000000000000000000000000000000000000000000000000000000000)

State 217 file /home/trucnguyenlam/Development/benchmarks/03.Jad-popl15/001.elimstack/benchs/_cs_elimination-backoff-stack.empty-bug.c._pp_.c line 1124 function main_thread thread 0
----------------------------------------------------
  attr=NULL (0000000000000000000000000000000000000000000000000000000000000000)

State 218 file /home/trucnguyenlam/Development/benchmarks/03.Jad-popl15/001.elimstack/benchs/_cs_elimination-backoff-stack.empty-bug.c._pp_.c line 1124 function main_thread thread 0
----------------------------------------------------
  t=instrPush2_0 (0001010000000000000000000000000000000000000000000000000000000000)

State 219 file /home/trucnguyenlam/Development/benchmarks/03.Jad-popl15/001.elimstack/benchs/_cs_elimination-backoff-stack.empty-bug.c._pp_.c line 1124 function main_thread thread 0
----------------------------------------------------
  arg=NULL (0000000000000000000000000000000000000000000000000000000000000000)

State 220 file /home/trucnguyenlam/Development/benchmarks/03.Jad-popl15/001.elimstack/benchs/_cs_elimination-backoff-stack.empty-bug.c._pp_.c line 1124 function main_thread thread 0
----------------------------------------------------
  threadID=3 (00000000000000000000000000000011)

State 222 file /home/trucnguyenlam/Development/benchmarks/03.Jad-popl15/001.elimstack/benchs/_cs_elimination-backoff-stack.empty-bug.c._pp_.c line 87 function __cs_create thread 0
----------------------------------------------------
  __csLOCAL_main_tid3=3 (00000000000000000000000000000011)

State 223 file /home/trucnguyenlam/Development/benchmarks/03.Jad-popl15/001.elimstack/benchs/_cs_elimination-backoff-stack.empty-bug.c._pp_.c line 87 function __cs_create thread 0
----------------------------------------------------
  active_thread[3]=1 (1)

State 224 file /home/trucnguyenlam/Development/benchmarks/03.Jad-popl15/001.elimstack/benchs/_cs_elimination-backoff-stack.empty-bug.c._pp_.c line 87 function __cs_create thread 0
----------------------------------------------------
  threadargs[3]=NULL (0000000000000000000000000000000000000000000000000000000000000000)

State 230 file /home/trucnguyenlam/Development/benchmarks/03.Jad-popl15/001.elimstack/benchs/_cs_elimination-backoff-stack.empty-bug.c._pp_.c line 1125 function main_thread thread 0
----------------------------------------------------
  id=&__csLOCAL_main_tid4 (0001000100000000000000000000000000000000000000000000000000000000)

State 231 file /home/trucnguyenlam/Development/benchmarks/03.Jad-popl15/001.elimstack/benchs/_cs_elimination-backoff-stack.empty-bug.c._pp_.c line 1125 function main_thread thread 0
----------------------------------------------------
  attr=NULL (0000000000000000000000000000000000000000000000000000000000000000)

State 232 file /home/trucnguyenlam/Development/benchmarks/03.Jad-popl15/001.elimstack/benchs/_cs_elimination-backoff-stack.empty-bug.c._pp_.c line 1125 function main_thread thread 0
----------------------------------------------------
  t=instrPop3_0 (0001010100000000000000000000000000000000000000000000000000000000)

State 233 file /home/trucnguyenlam/Development/benchmarks/03.Jad-popl15/001.elimstack/benchs/_cs_elimination-backoff-stack.empty-bug.c._pp_.c line 1125 function main_thread thread 0
----------------------------------------------------
  arg=NULL (0000000000000000000000000000000000000000000000000000000000000000)

State 234 file /home/trucnguyenlam/Development/benchmarks/03.Jad-popl15/001.elimstack/benchs/_cs_elimination-backoff-stack.empty-bug.c._pp_.c line 1125 function main_thread thread 0
----------------------------------------------------
  threadID=4 (00000000000000000000000000000100)

State 236 file /home/trucnguyenlam/Development/benchmarks/03.Jad-popl15/001.elimstack/benchs/_cs_elimination-backoff-stack.empty-bug.c._pp_.c line 87 function __cs_create thread 0
----------------------------------------------------
  __csLOCAL_main_tid4=4 (00000000000000000000000000000100)

State 237 file /home/trucnguyenlam/Development/benchmarks/03.Jad-popl15/001.elimstack/benchs/_cs_elimination-backoff-stack.empty-bug.c._pp_.c line 87 function __cs_create thread 0
----------------------------------------------------
  active_thread[4]=1 (1)

State 238 file /home/trucnguyenlam/Development/benchmarks/03.Jad-popl15/001.elimstack/benchs/_cs_elimination-backoff-stack.empty-bug.c._pp_.c line 87 function __cs_create thread 0
----------------------------------------------------
  threadargs[4]=NULL (0000000000000000000000000000000000000000000000000000000000000000)

State 248 file /home/trucnguyenlam/Development/benchmarks/03.Jad-popl15/001.elimstack/benchs/_cs_elimination-backoff-stack.empty-bug.c._pp_.c line 1150 function main thread 0
----------------------------------------------------
  pc[0]=5 (000101)

State 249 file /home/trucnguyenlam/Development/benchmarks/03.Jad-popl15/001.elimstack/benchs/_cs_elimination-backoff-stack.empty-bug.c._pp_.c line 1152 function main thread 0
----------------------------------------------------
  thread_index=1 (00000000000000000000000000000001)

State 254 file /home/trucnguyenlam/Development/benchmarks/03.Jad-popl15/001.elimstack/benchs/_cs_elimination-backoff-stack.empty-bug.c._pp_.c line 142 function guess_pc thread 0
----------------------------------------------------
  i=50 (110010)

State 259 file /home/trucnguyenlam/Development/benchmarks/03.Jad-popl15/001.elimstack/benchs/_cs_elimination-backoff-stack.empty-bug.c._pp_.c line 1154 function main thread 0
----------------------------------------------------
  pc_cs=50 (0110010)

State 263 file /home/trucnguyenlam/Development/benchmarks/03.Jad-popl15/001.elimstack/benchs/_cs_elimination-backoff-stack.empty-bug.c._pp_.c line 1156 function main thread 0
----------------------------------------------------
  __csLOCALPARAM_instrPush0_unused=NULL (0000000000000000000000000000000000000000000000000000000000000000)

State 265 file /home/trucnguyenlam/Development/benchmarks/03.Jad-popl15/001.elimstack/benchs/_cs_elimination-backoff-stack.empty-bug.c._pp_.c line 314 function instrPush0_0 thread 0
----------------------------------------------------
  __csLOCAL_instrPush0_tickStart=0 (00000000000000000000000000000000)

State 269 file /home/trucnguyenlam/Development/benchmarks/03.Jad-popl15/001.elimstack/benchs/_cs_elimination-backoff-stack.empty-bug.c._pp_.c line 315 function instrPush0_0 thread 0
----------------------------------------------------
  __csLOCALPARAM___CS_atomic_atomicIncr_Push_tickStart=0 (00000000000000000000000000000000)

State 270 file /home/trucnguyenlam/Development/benchmarks/03.Jad-popl15/001.elimstack/benchs/_cs_elimination-backoff-stack.empty-bug.c._pp_.c line 315 function instrPush0_0 thread 0
----------------------------------------------------
  __csLOCALPARAM___CS_atomic_atomicIncr_Push_localPush1=1 (00000000000000000000000000000001)

State 271 file /home/trucnguyenlam/Development/benchmarks/03.Jad-popl15/001.elimstack/benchs/_cs_elimination-backoff-stack.empty-bug.c._pp_.c line 277 function __CS_atomic_atomicIncr_Push thread 0
----------------------------------------------------
  PushOpen[0][1]=1 (00000000000000000000000000000001)

State 273 file /home/trucnguyenlam/Development/benchmarks/03.Jad-popl15/001.elimstack/benchs/_cs_elimination-backoff-stack.empty-bug.c._pp_.c line 318 function instrPush0_0 thread 0
----------------------------------------------------
  __csLOCALPARAM_Push_x=1 (00000000000000000000000000000001)

State 276 file /home/trucnguyenlam/Development/benchmarks/03.Jad-popl15/001.elimstack/benchs/_cs_elimination-backoff-stack.empty-bug.c._pp_.c line 320 function instrPush0_0 thread 0
----------------------------------------------------
  var=&__csLOCAL_Push_ti (0001011000000000000000000000000000000000000000000000000000000000)

State 277 file /home/trucnguyenlam/Development/benchmarks/03.Jad-popl15/001.elimstack/benchs/_cs_elimination-backoff-stack.empty-bug.c._pp_.c line 320 function instrPush0_0 thread 0
----------------------------------------------------
  size=8 (0000000000000000000000000000000000000000000000000000000000001000)

State 279 file /home/trucnguyenlam/Development/benchmarks/03.Jad-popl15/001.elimstack/benchs/_cs_elimination-backoff-stack.empty-bug.c._pp_.c line 134 function __cs_init_scalar thread 0
----------------------------------------------------
  ptr=((signed char *)NULL) (0000000000000000000000000000000000000000000000000000000000000000)

State 280 file /home/trucnguyenlam/Development/benchmarks/03.Jad-popl15/001.elimstack/benchs/_cs_elimination-backoff-stack.empty-bug.c._pp_.c line 134 function __cs_init_scalar thread 0
----------------------------------------------------
  ptr=&__csLOCAL_Push_ti (0001011000000000000000000000000000000000000000000000000000000000)

State 286 file /home/trucnguyenlam/Development/benchmarks/03.Jad-popl15/001.elimstack/benchs/_cs_elimination-backoff-stack.empty-bug.c._pp_.c line 321 function instrPush0_0 thread 0
----------------------------------------------------
  size=24 (0000000000000000000000000000000000000000000000000000000000011000)

State 287 file /home/trucnguyenlam/Development/benchmarks/03.Jad-popl15/001.elimstack/benchs/_cs_elimination-backoff-stack.empty-bug.c._pp_.c line 125 function __cs_safe_malloc thread 0
----------------------------------------------------
  ptr=NULL (0000000000000000000000000000000000000000000000000000000000000000)

State 303 file <builtin-library-malloc> line 25 function malloc thread 0
----------------------------------------------------
  ptr=&dynamic_object1.id (0000001000000000000000000000000000000000000000000000000000000000)

State 310 file /home/trucnguyenlam/Development/benchmarks/03.Jad-popl15/001.elimstack/benchs/_cs_elimination-backoff-stack.empty-bug.c._pp_.c line 321 function instrPush0_0 thread 0
----------------------------------------------------
  __csLOCAL_Push_ti=&dynamic_object1.id (0000001000000000000000000000000000000000000000000000000000000000)

State 312 file /home/trucnguyenlam/Development/benchmarks/03.Jad-popl15/001.elimstack/benchs/_cs_elimination-backoff-stack.empty-bug.c._pp_.c line 322 function instrPush0_0 thread 0
----------------------------------------------------
  dynamic_object1.op=1 (00000000000000000000000000000001)

State 314 file /home/trucnguyenlam/Development/benchmarks/03.Jad-popl15/001.elimstack/benchs/_cs_elimination-backoff-stack.empty-bug.c._pp_.c line 323 function instrPush0_0 thread 0
----------------------------------------------------
  dynamic_object1.cell.pdata=1 (00000000000000000000000000000001)

State 316 file /home/trucnguyenlam/Development/benchmarks/03.Jad-popl15/001.elimstack/benchs/_cs_elimination-backoff-stack.empty-bug.c._pp_.c line 329 function instrPush0_0 thread 0
----------------------------------------------------
  __csLOCALPARAM_TryPerformStackOp_p=&dynamic_object1.id (0000001000000000000000000000000000000000000000000000000000000000)

State 320 file /home/trucnguyenlam/Development/benchmarks/03.Jad-popl15/001.elimstack/benchs/_cs_elimination-backoff-stack.empty-bug.c._pp_.c line 334 function instrPush0_0 thread 0
----------------------------------------------------
  __csLOCAL_TryPerformStackOp_thead=((struct Cell { struct Cell *pnext; int pdata; unsigned int $pad0; } *)NULL) (0000000000000000000000000000000000000000000000000000000000000000)

State 322 file /home/trucnguyenlam/Development/benchmarks/03.Jad-popl15/001.elimstack/benchs/_cs_elimination-backoff-stack.empty-bug.c._pp_.c line 335 function instrPush0_0 thread 0
----------------------------------------------------
  dynamic_object1.cell.pnext=((struct Cell *)NULL) (0000000000000000000000000000000000000000000000000000000000000000)

State 326 file /home/trucnguyenlam/Development/benchmarks/03.Jad-popl15/001.elimstack/benchs/_cs_elimination-backoff-stack.empty-bug.c._pp_.c line 336 function instrPush0_0 thread 0
----------------------------------------------------
  __csLOCALPARAM___CS_atomicc_cas_p=&S.ptop (0001011100000000000000000000000000000000000000000000000000000000)

State 327 file /home/trucnguyenlam/Development/benchmarks/03.Jad-popl15/001.elimstack/benchs/_cs_elimination-backoff-stack.empty-bug.c._pp_.c line 336 function instrPush0_0 thread 0
----------------------------------------------------
  __csLOCALPARAM___CS_atomicc_cas_cmp=((struct Cell { struct Cell *pnext; int pdata; unsigned int $pad0; } *)NULL) (0000000000000000000000000000000000000000000000000000000000000000)

State 328 file /home/trucnguyenlam/Development/benchmarks/03.Jad-popl15/001.elimstack/benchs/_cs_elimination-backoff-stack.empty-bug.c._pp_.c line 336 function instrPush0_0 thread 0
----------------------------------------------------
  __csLOCALPARAM___CS_atomicc_cas_new=&dynamic_object1.cell.pnext (0000001000000000000000000000000000000000000000000000000000001000)

State 330 file /home/trucnguyenlam/Development/benchmarks/03.Jad-popl15/001.elimstack/benchs/_cs_elimination-backoff-stack.empty-bug.c._pp_.c line 202 function __CS_atomicc_cas thread 0
----------------------------------------------------
  S={ .ptop=&dynamic_object1.cell.pnext } ({ 0000001000000000000000000000000000000000000000000000000000001000 })

State 334 file /home/trucnguyenlam/Development/benchmarks/03.Jad-popl15/001.elimstack/benchs/_cs_elimination-backoff-stack.empty-bug.c._pp_.c line 336 function instrPush0_0 thread 0
----------------------------------------------------
  __retval__TryPerformStackOp_1=1 (00000000000000000000000000000001)

State 337 file /home/trucnguyenlam/Development/benchmarks/03.Jad-popl15/001.elimstack/benchs/_cs_elimination-backoff-stack.empty-bug.c._pp_.c line 374 function instrPush0_0 thread 0
----------------------------------------------------
  __csLOCAL_Push___if_cond_6=FALSE (00000000)

State 344 file /home/trucnguyenlam/Development/benchmarks/03.Jad-popl15/001.elimstack/benchs/_cs_elimination-backoff-stack.empty-bug.c._pp_.c line 500 function instrPush0_0 thread 0
----------------------------------------------------
  __csLOCALPARAM___CS_atomic_atomicDecrIncr_Push_tickStart=0 (00000000000000000000000000000000)

State 345 file /home/trucnguyenlam/Development/benchmarks/03.Jad-popl15/001.elimstack/benchs/_cs_elimination-backoff-stack.empty-bug.c._pp_.c line 500 function instrPush0_0 thread 0
----------------------------------------------------
  __csLOCALPARAM___CS_atomic_atomicDecrIncr_Push_tick=0 (00000000000000000000000000000000)

State 346 file /home/trucnguyenlam/Development/benchmarks/03.Jad-popl15/001.elimstack/benchs/_cs_elimination-backoff-stack.empty-bug.c._pp_.c line 500 function instrPush0_0 thread 0
----------------------------------------------------
  __csLOCALPARAM___CS_atomic_atomicDecrIncr_Push_localPush1=1 (00000000000000000000000000000001)

State 347 file /home/trucnguyenlam/Development/benchmarks/03.Jad-popl15/001.elimstack/benchs/_cs_elimination-backoff-stack.empty-bug.c._pp_.c line 282 function __CS_atomic_atomicDecrIncr_Push thread 0
----------------------------------------------------
  PushOpen[0][1]=0 (00000000000000000000000000000000)

State 348 file /home/trucnguyenlam/Development/benchmarks/03.Jad-popl15/001.elimstack/benchs/_cs_elimination-backoff-stack.empty-bug.c._pp_.c line 283 function __CS_atomic_atomicDecrIncr_Push thread 0
----------------------------------------------------
  PushDone[0][0][1]=1 (00000000000000000000000000000001)

State 484 file /home/trucnguyenlam/Development/benchmarks/03.Jad-popl15/001.elimstack/benchs/_cs_elimination-backoff-stack.empty-bug.c._pp_.c line 1157 function main thread 0
----------------------------------------------------
  pc[1]=50 (110010)

State 485 file /home/trucnguyenlam/Development/benchmarks/03.Jad-popl15/001.elimstack/benchs/_cs_elimination-backoff-stack.empty-bug.c._pp_.c line 1160 function main thread 0
----------------------------------------------------
  thread_index=2 (00000000000000000000000000000010)

State 490 file /home/trucnguyenlam/Development/benchmarks/03.Jad-popl15/001.elimstack/benchs/_cs_elimination-backoff-stack.empty-bug.c._pp_.c line 142 function guess_pc thread 0
----------------------------------------------------
  i=1 (000001)

State 495 file /home/trucnguyenlam/Development/benchmarks/03.Jad-popl15/001.elimstack/benchs/_cs_elimination-backoff-stack.empty-bug.c._pp_.c line 1162 function main thread 0
----------------------------------------------------
  pc_cs=1 (0000001)

State 499 file /home/trucnguyenlam/Development/benchmarks/03.Jad-popl15/001.elimstack/benchs/_cs_elimination-backoff-stack.empty-bug.c._pp_.c line 1164 function main thread 0
----------------------------------------------------
  __csLOCALPARAM_instrPush1_unused=NULL (0000000000000000000000000000000000000000000000000000000000000000)

State 501 file /home/trucnguyenlam/Development/benchmarks/03.Jad-popl15/001.elimstack/benchs/_cs_elimination-backoff-stack.empty-bug.c._pp_.c line 512 function instrPush1_0 thread 0
----------------------------------------------------
  __csLOCAL_instrPush1_tickStart=0 (00000000000000000000000000000000)

State 554 file /home/trucnguyenlam/Development/benchmarks/03.Jad-popl15/001.elimstack/benchs/_cs_elimination-backoff-stack.empty-bug.c._pp_.c line 1165 function main thread 0
----------------------------------------------------
  pc[2]=1 (000001)

State 555 file /home/trucnguyenlam/Development/benchmarks/03.Jad-popl15/001.elimstack/benchs/_cs_elimination-backoff-stack.empty-bug.c._pp_.c line 1168 function main thread 0
----------------------------------------------------
  thread_index=3 (00000000000000000000000000000011)

State 560 file /home/trucnguyenlam/Development/benchmarks/03.Jad-popl15/001.elimstack/benchs/_cs_elimination-backoff-stack.empty-bug.c._pp_.c line 142 function guess_pc thread 0
----------------------------------------------------
  i=3 (000011)

State 565 file /home/trucnguyenlam/Development/benchmarks/03.Jad-popl15/001.elimstack/benchs/_cs_elimination-backoff-stack.empty-bug.c._pp_.c line 1170 function main thread 0
----------------------------------------------------
  pc_cs=3 (0000011)

State 569 file /home/trucnguyenlam/Development/benchmarks/03.Jad-popl15/001.elimstack/benchs/_cs_elimination-backoff-stack.empty-bug.c._pp_.c line 1172 function main thread 0
----------------------------------------------------
  __csLOCALPARAM_instrPush2_unused=NULL (0000000000000000000000000000000000000000000000000000000000000000)

State 571 file /home/trucnguyenlam/Development/benchmarks/03.Jad-popl15/001.elimstack/benchs/_cs_elimination-backoff-stack.empty-bug.c._pp_.c line 710 function instrPush2_0 thread 0
----------------------------------------------------
  __csLOCAL_instrPush2_tickStart=0 (00000000000000000000000000000000)

State 575 file /home/trucnguyenlam/Development/benchmarks/03.Jad-popl15/001.elimstack/benchs/_cs_elimination-backoff-stack.empty-bug.c._pp_.c line 711 function instrPush2_0 thread 0
----------------------------------------------------
  __csLOCALPARAM___CS_atomic_atomicIncr_Push_tickStart=0 (00000000000000000000000000000000)

State 576 file /home/trucnguyenlam/Development/benchmarks/03.Jad-popl15/001.elimstack/benchs/_cs_elimination-backoff-stack.empty-bug.c._pp_.c line 711 function instrPush2_0 thread 0
----------------------------------------------------
  __csLOCALPARAM___CS_atomic_atomicIncr_Push_localPush1=1 (00000000000000000000000000000001)

State 577 file /home/trucnguyenlam/Development/benchmarks/03.Jad-popl15/001.elimstack/benchs/_cs_elimination-backoff-stack.empty-bug.c._pp_.c line 277 function __CS_atomic_atomicIncr_Push thread 0
----------------------------------------------------
  PushOpen[0][1]=1 (00000000000000000000000000000001)

State 579 file /home/trucnguyenlam/Development/benchmarks/03.Jad-popl15/001.elimstack/benchs/_cs_elimination-backoff-stack.empty-bug.c._pp_.c line 714 function instrPush2_0 thread 0
----------------------------------------------------
  __csLOCALPARAM_Push_x=1 (00000000000000000000000000000001)

State 582 file /home/trucnguyenlam/Development/benchmarks/03.Jad-popl15/001.elimstack/benchs/_cs_elimination-backoff-stack.empty-bug.c._pp_.c line 716 function instrPush2_0 thread 0
----------------------------------------------------
  var=&__csLOCAL_Push_ti (0001101100000000000000000000000000000000000000000000000000000000)

State 583 file /home/trucnguyenlam/Development/benchmarks/03.Jad-popl15/001.elimstack/benchs/_cs_elimination-backoff-stack.empty-bug.c._pp_.c line 716 function instrPush2_0 thread 0
----------------------------------------------------
  size=8 (0000000000000000000000000000000000000000000000000000000000001000)

State 585 file /home/trucnguyenlam/Development/benchmarks/03.Jad-popl15/001.elimstack/benchs/_cs_elimination-backoff-stack.empty-bug.c._pp_.c line 134 function __cs_init_scalar thread 0
----------------------------------------------------
  ptr=((signed char *)NULL) (0000000000000000000000000000000000000000000000000000000000000000)

State 586 file /home/trucnguyenlam/Development/benchmarks/03.Jad-popl15/001.elimstack/benchs/_cs_elimination-backoff-stack.empty-bug.c._pp_.c line 134 function __cs_init_scalar thread 0
----------------------------------------------------
  ptr=&__csLOCAL_Push_ti (0001101100000000000000000000000000000000000000000000000000000000)

State 592 file /home/trucnguyenlam/Development/benchmarks/03.Jad-popl15/001.elimstack/benchs/_cs_elimination-backoff-stack.empty-bug.c._pp_.c line 717 function instrPush2_0 thread 0
----------------------------------------------------
  size=24 (0000000000000000000000000000000000000000000000000000000000011000)

State 593 file /home/trucnguyenlam/Development/benchmarks/03.Jad-popl15/001.elimstack/benchs/_cs_elimination-backoff-stack.empty-bug.c._pp_.c line 125 function __cs_safe_malloc thread 0
----------------------------------------------------
  ptr=NULL (0000000000000000000000000000000000000000000000000000000000000000)

State 609 file <builtin-library-malloc> line 25 function malloc thread 0
----------------------------------------------------
  ptr=&dynamic_object3.id (0000010000000000000000000000000000000000000000000000000000000000)

State 616 file /home/trucnguyenlam/Development/benchmarks/03.Jad-popl15/001.elimstack/benchs/_cs_elimination-backoff-stack.empty-bug.c._pp_.c line 717 function instrPush2_0 thread 0
----------------------------------------------------
  __csLOCAL_Push_ti=&dynamic_object3.id (0000010000000000000000000000000000000000000000000000000000000000)

State 667 file /home/trucnguyenlam/Development/benchmarks/03.Jad-popl15/001.elimstack/benchs/_cs_elimination-backoff-stack.empty-bug.c._pp_.c line 1173 function main thread 0
----------------------------------------------------
  pc[3]=3 (000011)

State 668 file /home/trucnguyenlam/Development/benchmarks/03.Jad-popl15/001.elimstack/benchs/_cs_elimination-backoff-stack.empty-bug.c._pp_.c line 1176 function main thread 0
----------------------------------------------------
  thread_index=4 (00000000000000000000000000000100)

State 673 file /home/trucnguyenlam/Development/benchmarks/03.Jad-popl15/001.elimstack/benchs/_cs_elimination-backoff-stack.empty-bug.c._pp_.c line 142 function guess_pc thread 0
----------------------------------------------------
  i=0 (000000)

State 678 file /home/trucnguyenlam/Development/benchmarks/03.Jad-popl15/001.elimstack/benchs/_cs_elimination-backoff-stack.empty-bug.c._pp_.c line 1178 function main thread 0
----------------------------------------------------
  pc_cs=0 (0000000)

State 682 file /home/trucnguyenlam/Development/benchmarks/03.Jad-popl15/001.elimstack/benchs/_cs_elimination-backoff-stack.empty-bug.c._pp_.c line 1180 function main thread 0
----------------------------------------------------
  __csLOCALPARAM_instrPop3_unused=NULL (0000000000000000000000000000000000000000000000000000000000000000)

State 736 file /home/trucnguyenlam/Development/benchmarks/03.Jad-popl15/001.elimstack/benchs/_cs_elimination-backoff-stack.empty-bug.c._pp_.c line 1181 function main thread 0
----------------------------------------------------
  pc[4]=0 (000000)

State 737 file /home/trucnguyenlam/Development/benchmarks/03.Jad-popl15/001.elimstack/benchs/_cs_elimination-backoff-stack.empty-bug.c._pp_.c line 1185 function main thread 0
----------------------------------------------------
  thread_index=0 (00000000000000000000000000000000)

State 742 file /home/trucnguyenlam/Development/benchmarks/03.Jad-popl15/001.elimstack/benchs/_cs_elimination-backoff-stack.empty-bug.c._pp_.c line 142 function guess_pc thread 0
----------------------------------------------------
  i=1 (000001)

State 747 file /home/trucnguyenlam/Development/benchmarks/03.Jad-popl15/001.elimstack/benchs/_cs_elimination-backoff-stack.empty-bug.c._pp_.c line 1187 function main thread 0
----------------------------------------------------
  pc_cs=6 (0000110)

State 757 file /home/trucnguyenlam/Development/benchmarks/03.Jad-popl15/001.elimstack/benchs/_cs_elimination-backoff-stack.empty-bug.c._pp_.c line 1132 function main_thread thread 0
----------------------------------------------------
  tick=1 (00000000000000000000000000000001)

State 762 file /home/trucnguyenlam/Development/benchmarks/03.Jad-popl15/001.elimstack/benchs/_cs_elimination-backoff-stack.empty-bug.c._pp_.c line 1190 function main thread 0
----------------------------------------------------
  pc[0]=6 (000110)

State 763 file /home/trucnguyenlam/Development/benchmarks/03.Jad-popl15/001.elimstack/benchs/_cs_elimination-backoff-stack.empty-bug.c._pp_.c line 1193 function main thread 0
----------------------------------------------------
  thread_index=1 (00000000000000000000000000000001)

State 768 file /home/trucnguyenlam/Development/benchmarks/03.Jad-popl15/001.elimstack/benchs/_cs_elimination-backoff-stack.empty-bug.c._pp_.c line 142 function guess_pc thread 0
----------------------------------------------------
  i=0 (000000)

State 773 file /home/trucnguyenlam/Development/benchmarks/03.Jad-popl15/001.elimstack/benchs/_cs_elimination-backoff-stack.empty-bug.c._pp_.c line 1195 function main thread 0
----------------------------------------------------
  pc_cs=50 (0110010)

State 777 file /home/trucnguyenlam/Development/benchmarks/03.Jad-popl15/001.elimstack/benchs/_cs_elimination-backoff-stack.empty-bug.c._pp_.c line 1197 function main thread 0
----------------------------------------------------
  __csLOCALPARAM_instrPush0_unused=NULL (0000000000000000000000000000000000000000000000000000000000000000)

State 831 file /home/trucnguyenlam/Development/benchmarks/03.Jad-popl15/001.elimstack/benchs/_cs_elimination-backoff-stack.empty-bug.c._pp_.c line 1198 function main thread 0
----------------------------------------------------
  pc[1]=50 (110010)

State 832 file /home/trucnguyenlam/Development/benchmarks/03.Jad-popl15/001.elimstack/benchs/_cs_elimination-backoff-stack.empty-bug.c._pp_.c line 1201 function main thread 0
----------------------------------------------------
  thread_index=2 (00000000000000000000000000000010)

State 837 file /home/trucnguyenlam/Development/benchmarks/03.Jad-popl15/001.elimstack/benchs/_cs_elimination-backoff-stack.empty-bug.c._pp_.c line 142 function guess_pc thread 0
----------------------------------------------------
  i=0 (000000)

State 842 file /home/trucnguyenlam/Development/benchmarks/03.Jad-popl15/001.elimstack/benchs/_cs_elimination-backoff-stack.empty-bug.c._pp_.c line 1203 function main thread 0
----------------------------------------------------
  pc_cs=1 (0000001)

State 846 file /home/trucnguyenlam/Development/benchmarks/03.Jad-popl15/001.elimstack/benchs/_cs_elimination-backoff-stack.empty-bug.c._pp_.c line 1205 function main thread 0
----------------------------------------------------
  __csLOCALPARAM_instrPush1_unused=NULL (0000000000000000000000000000000000000000000000000000000000000000)

State 900 file /home/trucnguyenlam/Development/benchmarks/03.Jad-popl15/001.elimstack/benchs/_cs_elimination-backoff-stack.empty-bug.c._pp_.c line 1206 function main thread 0
----------------------------------------------------
  pc[2]=1 (000001)

State 901 file /home/trucnguyenlam/Development/benchmarks/03.Jad-popl15/001.elimstack/benchs/_cs_elimination-backoff-stack.empty-bug.c._pp_.c line 1209 function main thread 0
----------------------------------------------------
  thread_index=3 (00000000000000000000000000000011)

State 906 file /home/trucnguyenlam/Development/benchmarks/03.Jad-popl15/001.elimstack/benchs/_cs_elimination-backoff-stack.empty-bug.c._pp_.c line 142 function guess_pc thread 0
----------------------------------------------------
  i=6 (000110)

State 911 file /home/trucnguyenlam/Development/benchmarks/03.Jad-popl15/001.elimstack/benchs/_cs_elimination-backoff-stack.empty-bug.c._pp_.c line 1211 function main thread 0
----------------------------------------------------
  pc_cs=9 (0001001)

State 915 file /home/trucnguyenlam/Development/benchmarks/03.Jad-popl15/001.elimstack/benchs/_cs_elimination-backoff-stack.empty-bug.c._pp_.c line 1213 function main thread 0
----------------------------------------------------
  __csLOCALPARAM_instrPush2_unused=NULL (0000000000000000000000000000000000000000000000000000000000000000)

State 920 file /home/trucnguyenlam/Development/benchmarks/03.Jad-popl15/001.elimstack/benchs/_cs_elimination-backoff-stack.empty-bug.c._pp_.c line 718 function instrPush2_0 thread 0
----------------------------------------------------
  dynamic_object3.op=1 (00000000000000000000000000000001)

State 922 file /home/trucnguyenlam/Development/benchmarks/03.Jad-popl15/001.elimstack/benchs/_cs_elimination-backoff-stack.empty-bug.c._pp_.c line 719 function instrPush2_0 thread 0
----------------------------------------------------
  dynamic_object3.cell.pdata=1 (00000000000000000000000000000001)

State 924 file /home/trucnguyenlam/Development/benchmarks/03.Jad-popl15/001.elimstack/benchs/_cs_elimination-backoff-stack.empty-bug.c._pp_.c line 725 function instrPush2_0 thread 0
----------------------------------------------------
  __csLOCALPARAM_TryPerformStackOp_p=&dynamic_object3.id (0000010000000000000000000000000000000000000000000000000000000000)

State 928 file /home/trucnguyenlam/Development/benchmarks/03.Jad-popl15/001.elimstack/benchs/_cs_elimination-backoff-stack.empty-bug.c._pp_.c line 730 function instrPush2_0 thread 0
----------------------------------------------------
  __csLOCAL_TryPerformStackOp_thead=&dynamic_object1.cell.pnext (0000001000000000000000000000000000000000000000000000000000001000)

State 930 file /home/trucnguyenlam/Development/benchmarks/03.Jad-popl15/001.elimstack/benchs/_cs_elimination-backoff-stack.empty-bug.c._pp_.c line 731 function instrPush2_0 thread 0
----------------------------------------------------
  dynamic_object3.cell.pnext=&dynamic_object1.cell.pnext (0000001000000000000000000000000000000000000000000000000000001000)

State 975 file /home/trucnguyenlam/Development/benchmarks/03.Jad-popl15/001.elimstack/benchs/_cs_elimination-backoff-stack.empty-bug.c._pp_.c line 1214 function main thread 0
----------------------------------------------------
  pc[3]=9 (001001)

State 976 file /home/trucnguyenlam/Development/benchmarks/03.Jad-popl15/001.elimstack/benchs/_cs_elimination-backoff-stack.empty-bug.c._pp_.c line 1217 function main thread 0
----------------------------------------------------
  thread_index=4 (00000000000000000000000000000100)

State 981 file /home/trucnguyenlam/Development/benchmarks/03.Jad-popl15/001.elimstack/benchs/_cs_elimination-backoff-stack.empty-bug.c._pp_.c line 142 function guess_pc thread 0
----------------------------------------------------
  i=11 (001011)

State 986 file /home/trucnguyenlam/Development/benchmarks/03.Jad-popl15/001.elimstack/benchs/_cs_elimination-backoff-stack.empty-bug.c._pp_.c line 1219 function main thread 0
----------------------------------------------------
  pc_cs=11 (0001011)

State 990 file /home/trucnguyenlam/Development/benchmarks/03.Jad-popl15/001.elimstack/benchs/_cs_elimination-backoff-stack.empty-bug.c._pp_.c line 1221 function main thread 0
----------------------------------------------------
  __csLOCALPARAM_instrPop3_unused=NULL (0000000000000000000000000000000000000000000000000000000000000000)

State 992 file /home/trucnguyenlam/Development/benchmarks/03.Jad-popl15/001.elimstack/benchs/_cs_elimination-backoff-stack.empty-bug.c._pp_.c line 908 function instrPop3_0 thread 0
----------------------------------------------------
  __csLOCAL_instrPop3_tickStart=1 (00000000000000000000000000000001)

State 996 file /home/trucnguyenlam/Development/benchmarks/03.Jad-popl15/001.elimstack/benchs/_cs_elimination-backoff-stack.empty-bug.c._pp_.c line 909 function instrPop3_0 thread 0
----------------------------------------------------
  __csLOCALPARAM___CS_atomic_atomicIncr_Pop_tickStart=1 (00000000000000000000000000000001)

State 997 file /home/trucnguyenlam/Development/benchmarks/03.Jad-popl15/001.elimstack/benchs/_cs_elimination-backoff-stack.empty-bug.c._pp_.c line 295 function __CS_atomic_atomicIncr_Pop thread 0
----------------------------------------------------
  PopOpen[1]=1 (00000000000000000000000000000001)

State 1001 file /home/trucnguyenlam/Development/benchmarks/03.Jad-popl15/001.elimstack/benchs/_cs_elimination-backoff-stack.empty-bug.c._pp_.c line 914 function instrPop3_0 thread 0
----------------------------------------------------
  var=&__csLOCAL_Pop_ti (0001110000000000000000000000000000000000000000000000000000000000)

State 1002 file /home/trucnguyenlam/Development/benchmarks/03.Jad-popl15/001.elimstack/benchs/_cs_elimination-backoff-stack.empty-bug.c._pp_.c line 914 function instrPop3_0 thread 0
----------------------------------------------------
  size=8 (0000000000000000000000000000000000000000000000000000000000001000)

State 1004 file /home/trucnguyenlam/Development/benchmarks/03.Jad-popl15/001.elimstack/benchs/_cs_elimination-backoff-stack.empty-bug.c._pp_.c line 134 function __cs_init_scalar thread 0
----------------------------------------------------
  ptr=((signed char *)NULL) (0000000000000000000000000000000000000000000000000000000000000000)

State 1005 file /home/trucnguyenlam/Development/benchmarks/03.Jad-popl15/001.elimstack/benchs/_cs_elimination-backoff-stack.empty-bug.c._pp_.c line 134 function __cs_init_scalar thread 0
----------------------------------------------------
  ptr=&__csLOCAL_Pop_ti (0001110000000000000000000000000000000000000000000000000000000000)

State 1011 file /home/trucnguyenlam/Development/benchmarks/03.Jad-popl15/001.elimstack/benchs/_cs_elimination-backoff-stack.empty-bug.c._pp_.c line 915 function instrPop3_0 thread 0
----------------------------------------------------
  size=24 (0000000000000000000000000000000000000000000000000000000000011000)

State 1012 file /home/trucnguyenlam/Development/benchmarks/03.Jad-popl15/001.elimstack/benchs/_cs_elimination-backoff-stack.empty-bug.c._pp_.c line 125 function __cs_safe_malloc thread 0
----------------------------------------------------
  ptr=NULL (0000000000000000000000000000000000000000000000000000000000000000)

State 1028 file <builtin-library-malloc> line 25 function malloc thread 0
----------------------------------------------------
  ptr=&dynamic_object8.id (0000100100000000000000000000000000000000000000000000000000000000)

State 1035 file /home/trucnguyenlam/Development/benchmarks/03.Jad-popl15/001.elimstack/benchs/_cs_elimination-backoff-stack.empty-bug.c._pp_.c line 915 function instrPop3_0 thread 0
----------------------------------------------------
  __csLOCAL_Pop_ti=&dynamic_object8.id (0000100100000000000000000000000000000000000000000000000000000000)

State 1037 file /home/trucnguyenlam/Development/benchmarks/03.Jad-popl15/001.elimstack/benchs/_cs_elimination-backoff-stack.empty-bug.c._pp_.c line 916 function instrPop3_0 thread 0
----------------------------------------------------
  dynamic_object8.op=0 (00000000000000000000000000000000)

State 1039 file /home/trucnguyenlam/Development/benchmarks/03.Jad-popl15/001.elimstack/benchs/_cs_elimination-backoff-stack.empty-bug.c._pp_.c line 922 function instrPop3_0 thread 0
----------------------------------------------------
  __csLOCALPARAM_TryPerformStackOp_p=&dynamic_object8.id (0000100100000000000000000000000000000000000000000000000000000000)

State 1046 file /home/trucnguyenlam/Development/benchmarks/03.Jad-popl15/001.elimstack/benchs/_cs_elimination-backoff-stack.empty-bug.c._pp_.c line 935 function instrPop3_0 thread 0
----------------------------------------------------
  __csLOCAL_TryPerformStackOp_thead=&dynamic_object1.cell.pnext (0000001000000000000000000000000000000000000000000000000000001000)

State 1089 file /home/trucnguyenlam/Development/benchmarks/03.Jad-popl15/001.elimstack/benchs/_cs_elimination-backoff-stack.empty-bug.c._pp_.c line 1222 function main thread 0
----------------------------------------------------
  pc[4]=11 (001011)

State 1090 file /home/trucnguyenlam/Development/benchmarks/03.Jad-popl15/001.elimstack/benchs/_cs_elimination-backoff-stack.empty-bug.c._pp_.c line 1226 function main thread 0
----------------------------------------------------
  thread_index=0 (00000000000000000000000000000000)

State 1095 file /home/trucnguyenlam/Development/benchmarks/03.Jad-popl15/001.elimstack/benchs/_cs_elimination-backoff-stack.empty-bug.c._pp_.c line 142 function guess_pc thread 0
----------------------------------------------------
  i=0 (000000)

State 1100 file /home/trucnguyenlam/Development/benchmarks/03.Jad-popl15/001.elimstack/benchs/_cs_elimination-backoff-stack.empty-bug.c._pp_.c line 1228 function main thread 0
----------------------------------------------------
  pc_cs=6 (0000110)

State 1114 file /home/trucnguyenlam/Development/benchmarks/03.Jad-popl15/001.elimstack/benchs/_cs_elimination-backoff-stack.empty-bug.c._pp_.c line 1231 function main thread 0
----------------------------------------------------
  pc[0]=6 (000110)

State 1115 file /home/trucnguyenlam/Development/benchmarks/03.Jad-popl15/001.elimstack/benchs/_cs_elimination-backoff-stack.empty-bug.c._pp_.c line 1234 function main thread 0
----------------------------------------------------
  thread_index=1 (00000000000000000000000000000001)

State 1120 file /home/trucnguyenlam/Development/benchmarks/03.Jad-popl15/001.elimstack/benchs/_cs_elimination-backoff-stack.empty-bug.c._pp_.c line 142 function guess_pc thread 0
----------------------------------------------------
  i=0 (000000)

State 1125 file /home/trucnguyenlam/Development/benchmarks/03.Jad-popl15/001.elimstack/benchs/_cs_elimination-backoff-stack.empty-bug.c._pp_.c line 1236 function main thread 0
----------------------------------------------------
  pc_cs=50 (0110010)

State 1129 file /home/trucnguyenlam/Development/benchmarks/03.Jad-popl15/001.elimstack/benchs/_cs_elimination-backoff-stack.empty-bug.c._pp_.c line 1238 function main thread 0
----------------------------------------------------
  __csLOCALPARAM_instrPush0_unused=NULL (0000000000000000000000000000000000000000000000000000000000000000)

State 1183 file /home/trucnguyenlam/Development/benchmarks/03.Jad-popl15/001.elimstack/benchs/_cs_elimination-backoff-stack.empty-bug.c._pp_.c line 1239 function main thread 0
----------------------------------------------------
  pc[1]=50 (110010)

State 1184 file /home/trucnguyenlam/Development/benchmarks/03.Jad-popl15/001.elimstack/benchs/_cs_elimination-backoff-stack.empty-bug.c._pp_.c line 1242 function main thread 0
----------------------------------------------------
  thread_index=2 (00000000000000000000000000000010)

State 1189 file /home/trucnguyenlam/Development/benchmarks/03.Jad-popl15/001.elimstack/benchs/_cs_elimination-backoff-stack.empty-bug.c._pp_.c line 142 function guess_pc thread 0
----------------------------------------------------
  i=49 (110001)

State 1194 file /home/trucnguyenlam/Development/benchmarks/03.Jad-popl15/001.elimstack/benchs/_cs_elimination-backoff-stack.empty-bug.c._pp_.c line 1244 function main thread 0
----------------------------------------------------
  pc_cs=50 (0110010)

State 1198 file /home/trucnguyenlam/Development/benchmarks/03.Jad-popl15/001.elimstack/benchs/_cs_elimination-backoff-stack.empty-bug.c._pp_.c line 1246 function main thread 0
----------------------------------------------------
  __csLOCALPARAM_instrPush1_unused=NULL (0000000000000000000000000000000000000000000000000000000000000000)

State 1203 file /home/trucnguyenlam/Development/benchmarks/03.Jad-popl15/001.elimstack/benchs/_cs_elimination-backoff-stack.empty-bug.c._pp_.c line 513 function instrPush1_0 thread 0
----------------------------------------------------
  __csLOCALPARAM___CS_atomic_atomicIncr_Push_tickStart=0 (00000000000000000000000000000000)

State 1204 file /home/trucnguyenlam/Development/benchmarks/03.Jad-popl15/001.elimstack/benchs/_cs_elimination-backoff-stack.empty-bug.c._pp_.c line 513 function instrPush1_0 thread 0
----------------------------------------------------
  __csLOCALPARAM___CS_atomic_atomicIncr_Push_localPush1=1 (00000000000000000000000000000001)

State 1205 file /home/trucnguyenlam/Development/benchmarks/03.Jad-popl15/001.elimstack/benchs/_cs_elimination-backoff-stack.empty-bug.c._pp_.c line 277 function __CS_atomic_atomicIncr_Push thread 0
----------------------------------------------------
  PushOpen[0][1]=2 (00000000000000000000000000000010)

State 1207 file /home/trucnguyenlam/Development/benchmarks/03.Jad-popl15/001.elimstack/benchs/_cs_elimination-backoff-stack.empty-bug.c._pp_.c line 516 function instrPush1_0 thread 0
----------------------------------------------------
  __csLOCALPARAM_Push_x=1 (00000000000000000000000000000001)

State 1210 file /home/trucnguyenlam/Development/benchmarks/03.Jad-popl15/001.elimstack/benchs/_cs_elimination-backoff-stack.empty-bug.c._pp_.c line 518 function instrPush1_0 thread 0
----------------------------------------------------
  var=&__csLOCAL_Push_ti (0001101000000000000000000000000000000000000000000000000000000000)

State 1211 file /home/trucnguyenlam/Development/benchmarks/03.Jad-popl15/001.elimstack/benchs/_cs_elimination-backoff-stack.empty-bug.c._pp_.c line 518 function instrPush1_0 thread 0
----------------------------------------------------
  size=8 (0000000000000000000000000000000000000000000000000000000000001000)

State 1213 file /home/trucnguyenlam/Development/benchmarks/03.Jad-popl15/001.elimstack/benchs/_cs_elimination-backoff-stack.empty-bug.c._pp_.c line 134 function __cs_init_scalar thread 0
----------------------------------------------------
  ptr=((signed char *)NULL) (0000000000000000000000000000000000000000000000000000000000000000)

State 1214 file /home/trucnguyenlam/Development/benchmarks/03.Jad-popl15/001.elimstack/benchs/_cs_elimination-backoff-stack.empty-bug.c._pp_.c line 134 function __cs_init_scalar thread 0
----------------------------------------------------
  ptr=&__csLOCAL_Push_ti (0001101000000000000000000000000000000000000000000000000000000000)

State 1220 file /home/trucnguyenlam/Development/benchmarks/03.Jad-popl15/001.elimstack/benchs/_cs_elimination-backoff-stack.empty-bug.c._pp_.c line 519 function instrPush1_0 thread 0
----------------------------------------------------
  size=24 (0000000000000000000000000000000000000000000000000000000000011000)

State 1221 file /home/trucnguyenlam/Development/benchmarks/03.Jad-popl15/001.elimstack/benchs/_cs_elimination-backoff-stack.empty-bug.c._pp_.c line 125 function __cs_safe_malloc thread 0
----------------------------------------------------
  ptr=NULL (0000000000000000000000000000000000000000000000000000000000000000)

State 1237 file <builtin-library-malloc> line 25 function malloc thread 0
----------------------------------------------------
  ptr=&dynamic_object10.id (0000101100000000000000000000000000000000000000000000000000000000)

State 1244 file /home/trucnguyenlam/Development/benchmarks/03.Jad-popl15/001.elimstack/benchs/_cs_elimination-backoff-stack.empty-bug.c._pp_.c line 519 function instrPush1_0 thread 0
----------------------------------------------------
  __csLOCAL_Push_ti=&dynamic_object10.id (0000101100000000000000000000000000000000000000000000000000000000)

State 1246 file /home/trucnguyenlam/Development/benchmarks/03.Jad-popl15/001.elimstack/benchs/_cs_elimination-backoff-stack.empty-bug.c._pp_.c line 520 function instrPush1_0 thread 0
----------------------------------------------------
  dynamic_object10.op=1 (00000000000000000000000000000001)

State 1248 file /home/trucnguyenlam/Development/benchmarks/03.Jad-popl15/001.elimstack/benchs/_cs_elimination-backoff-stack.empty-bug.c._pp_.c line 521 function instrPush1_0 thread 0
----------------------------------------------------
  dynamic_object10.cell.pdata=1 (00000000000000000000000000000001)

State 1250 file /home/trucnguyenlam/Development/benchmarks/03.Jad-popl15/001.elimstack/benchs/_cs_elimination-backoff-stack.empty-bug.c._pp_.c line 527 function instrPush1_0 thread 0
----------------------------------------------------
  __csLOCALPARAM_TryPerformStackOp_p=&dynamic_object10.id (0000101100000000000000000000000000000000000000000000000000000000)

State 1254 file /home/trucnguyenlam/Development/benchmarks/03.Jad-popl15/001.elimstack/benchs/_cs_elimination-backoff-stack.empty-bug.c._pp_.c line 532 function instrPush1_0 thread 0
----------------------------------------------------
  __csLOCAL_TryPerformStackOp_thead=&dynamic_object1.cell.pnext (0000001000000000000000000000000000000000000000000000000000001000)

State 1256 file /home/trucnguyenlam/Development/benchmarks/03.Jad-popl15/001.elimstack/benchs/_cs_elimination-backoff-stack.empty-bug.c._pp_.c line 533 function instrPush1_0 thread 0
----------------------------------------------------
  dynamic_object10.cell.pnext=&dynamic_object1.cell.pnext (0000001000000000000000000000000000000000000000000000000000001000)

State 1260 file /home/trucnguyenlam/Development/benchmarks/03.Jad-popl15/001.elimstack/benchs/_cs_elimination-backoff-stack.empty-bug.c._pp_.c line 534 function instrPush1_0 thread 0
----------------------------------------------------
  __csLOCALPARAM___CS_atomicc_cas_p=&S.ptop (0001011100000000000000000000000000000000000000000000000000000000)

State 1261 file /home/trucnguyenlam/Development/benchmarks/03.Jad-popl15/001.elimstack/benchs/_cs_elimination-backoff-stack.empty-bug.c._pp_.c line 534 function instrPush1_0 thread 0
----------------------------------------------------
  __csLOCALPARAM___CS_atomicc_cas_cmp=&dynamic_object1.cell.pnext (0000001000000000000000000000000000000000000000000000000000001000)

State 1262 file /home/trucnguyenlam/Development/benchmarks/03.Jad-popl15/001.elimstack/benchs/_cs_elimination-backoff-stack.empty-bug.c._pp_.c line 534 function instrPush1_0 thread 0
----------------------------------------------------
  __csLOCALPARAM___CS_atomicc_cas_new=&dynamic_object10.cell.pnext (0000101100000000000000000000000000000000000000000000000000001000)

State 1264 file /home/trucnguyenlam/Development/benchmarks/03.Jad-popl15/001.elimstack/benchs/_cs_elimination-backoff-stack.empty-bug.c._pp_.c line 202 function __CS_atomicc_cas thread 0
----------------------------------------------------
  S={ .ptop=&dynamic_object10.cell.pnext } ({ 0000101100000000000000000000000000000000000000000000000000001000 })

State 1268 file /home/trucnguyenlam/Development/benchmarks/03.Jad-popl15/001.elimstack/benchs/_cs_elimination-backoff-stack.empty-bug.c._pp_.c line 534 function instrPush1_0 thread 0
----------------------------------------------------
  __retval__TryPerformStackOp_3=1 (00000000000000000000000000000001)

State 1271 file /home/trucnguyenlam/Development/benchmarks/03.Jad-popl15/001.elimstack/benchs/_cs_elimination-backoff-stack.empty-bug.c._pp_.c line 572 function instrPush1_0 thread 0
----------------------------------------------------
  __csLOCAL_Push___if_cond_6=FALSE (00000000)

State 1278 file /home/trucnguyenlam/Development/benchmarks/03.Jad-popl15/001.elimstack/benchs/_cs_elimination-backoff-stack.empty-bug.c._pp_.c line 698 function instrPush1_0 thread 0
----------------------------------------------------
  __csLOCALPARAM___CS_atomic_atomicDecrIncr_Push_tickStart=0 (00000000000000000000000000000000)

State 1279 file /home/trucnguyenlam/Development/benchmarks/03.Jad-popl15/001.elimstack/benchs/_cs_elimination-backoff-stack.empty-bug.c._pp_.c line 698 function instrPush1_0 thread 0
----------------------------------------------------
  __csLOCALPARAM___CS_atomic_atomicDecrIncr_Push_tick=1 (00000000000000000000000000000001)

State 1280 file /home/trucnguyenlam/Development/benchmarks/03.Jad-popl15/001.elimstack/benchs/_cs_elimination-backoff-stack.empty-bug.c._pp_.c line 698 function instrPush1_0 thread 0
----------------------------------------------------
  __csLOCALPARAM___CS_atomic_atomicDecrIncr_Push_localPush1=1 (00000000000000000000000000000001)

State 1281 file /home/trucnguyenlam/Development/benchmarks/03.Jad-popl15/001.elimstack/benchs/_cs_elimination-backoff-stack.empty-bug.c._pp_.c line 282 function __CS_atomic_atomicDecrIncr_Push thread 0
----------------------------------------------------
  PushOpen[0][1]=1 (00000000000000000000000000000001)

State 1282 file /home/trucnguyenlam/Development/benchmarks/03.Jad-popl15/001.elimstack/benchs/_cs_elimination-backoff-stack.empty-bug.c._pp_.c line 283 function __CS_atomic_atomicDecrIncr_Push thread 0
----------------------------------------------------
  PushDone[0][1][1]=1 (00000000000000000000000000000001)

State 1418 file /home/trucnguyenlam/Development/benchmarks/03.Jad-popl15/001.elimstack/benchs/_cs_elimination-backoff-stack.empty-bug.c._pp_.c line 1247 function main thread 0
----------------------------------------------------
  pc[2]=50 (110010)

State 1419 file /home/trucnguyenlam/Development/benchmarks/03.Jad-popl15/001.elimstack/benchs/_cs_elimination-backoff-stack.empty-bug.c._pp_.c line 1250 function main thread 0
----------------------------------------------------
  thread_index=3 (00000000000000000000000000000011)

State 1424 file /home/trucnguyenlam/Development/benchmarks/03.Jad-popl15/001.elimstack/benchs/_cs_elimination-backoff-stack.empty-bug.c._pp_.c line 142 function guess_pc thread 0
----------------------------------------------------
  i=22 (010110)

State 1429 file /home/trucnguyenlam/Development/benchmarks/03.Jad-popl15/001.elimstack/benchs/_cs_elimination-backoff-stack.empty-bug.c._pp_.c line 1252 function main thread 0
----------------------------------------------------
  pc_cs=31 (0011111)

State 1433 file /home/trucnguyenlam/Development/benchmarks/03.Jad-popl15/001.elimstack/benchs/_cs_elimination-backoff-stack.empty-bug.c._pp_.c line 1254 function main thread 0
----------------------------------------------------
  __csLOCALPARAM_instrPush2_unused=NULL (0000000000000000000000000000000000000000000000000000000000000000)

State 1446 file /home/trucnguyenlam/Development/benchmarks/03.Jad-popl15/001.elimstack/benchs/_cs_elimination-backoff-stack.empty-bug.c._pp_.c line 732 function instrPush2_0 thread 0
----------------------------------------------------
  __csLOCALPARAM___CS_atomicc_cas_p=&S.ptop (0001011100000000000000000000000000000000000000000000000000000000)

State 1447 file /home/trucnguyenlam/Development/benchmarks/03.Jad-popl15/001.elimstack/benchs/_cs_elimination-backoff-stack.empty-bug.c._pp_.c line 732 function instrPush2_0 thread 0
----------------------------------------------------
  __csLOCALPARAM___CS_atomicc_cas_cmp=&dynamic_object1.cell.pnext (0000001000000000000000000000000000000000000000000000000000001000)

State 1448 file /home/trucnguyenlam/Development/benchmarks/03.Jad-popl15/001.elimstack/benchs/_cs_elimination-backoff-stack.empty-bug.c._pp_.c line 732 function instrPush2_0 thread 0
----------------------------------------------------
  __csLOCALPARAM___CS_atomicc_cas_new=&dynamic_object3.cell.pnext (0000010000000000000000000000000000000000000000000000000000001000)

State 1453 file /home/trucnguyenlam/Development/benchmarks/03.Jad-popl15/001.elimstack/benchs/_cs_elimination-backoff-stack.empty-bug.c._pp_.c line 732 function instrPush2_0 thread 0
----------------------------------------------------
  __retval__TryPerformStackOp_5=0 (00000000000000000000000000000000)

State 1456 file /home/trucnguyenlam/Development/benchmarks/03.Jad-popl15/001.elimstack/benchs/_cs_elimination-backoff-stack.empty-bug.c._pp_.c line 770 function instrPush2_0 thread 0
----------------------------------------------------
  __csLOCAL_Push___if_cond_6=TRUE (00000001)

State 1459 file /home/trucnguyenlam/Development/benchmarks/03.Jad-popl15/001.elimstack/benchs/_cs_elimination-backoff-stack.empty-bug.c._pp_.c line 775 function instrPush2_0 thread 0
----------------------------------------------------
  __csLOCALPARAM_LesOP_p=&dynamic_object3.id (0000010000000000000000000000000000000000000000000000000000000000)

State 1464 file /home/trucnguyenlam/Development/benchmarks/03.Jad-popl15/001.elimstack/benchs/_cs_elimination-backoff-stack.empty-bug.c._pp_.c line 216 function __CS_atomic_chooseUniqueId thread 0
----------------------------------------------------
  __csLOCAL___CS_atomic_chooseUniqueId_i=2 (00000000000000000000000000000010)

State 1467 file /home/trucnguyenlam/Development/benchmarks/03.Jad-popl15/001.elimstack/benchs/_cs_elimination-backoff-stack.empty-bug.c._pp_.c line 219 function __CS_atomic_chooseUniqueId thread 0
----------------------------------------------------
  taken_ids[1]=1 (00000000000000000000000000000001)

State 1471 file /home/trucnguyenlam/Development/benchmarks/03.Jad-popl15/001.elimstack/benchs/_cs_elimination-backoff-stack.empty-bug.c._pp_.c line 776 function instrPush2_0 thread 0
----------------------------------------------------
  dynamic_object3.id=2 (00000000000000000000000000000010)

State 1473 file /home/trucnguyenlam/Development/benchmarks/03.Jad-popl15/001.elimstack/benchs/_cs_elimination-backoff-stack.empty-bug.c._pp_.c line 779 function instrPush2_0 thread 0
----------------------------------------------------
  __csLOCAL_LesOP_mypid=2 (00000000000000000000000000000010)

State 1475 file /home/trucnguyenlam/Development/benchmarks/03.Jad-popl15/001.elimstack/benchs/_cs_elimination-backoff-stack.empty-bug.c._pp_.c line 780 function instrPush2_0 thread 0
----------------------------------------------------
  location[1]=&dynamic_object3.id (0000010000000000000000000000000000000000000000000000000000000000)

State 1477 file /home/trucnguyenlam/Development/benchmarks/03.Jad-popl15/001.elimstack/benchs/_cs_elimination-backoff-stack.empty-bug.c._pp_.c line 782 function instrPush2_0 thread 0
----------------------------------------------------
  __csLOCAL_LesOP_him=0 (00000000000000000000000000000000)

State 1482 file /home/trucnguyenlam/Development/benchmarks/03.Jad-popl15/001.elimstack/benchs/_cs_elimination-backoff-stack.empty-bug.c._pp_.c line 783 function instrPush2_0 thread 0
----------------------------------------------------
  __csLOCALPARAM___CS_atomicint_cas_p=&collision (0001100000000000000000000000000000000000000000000000000000000000)

State 1483 file /home/trucnguyenlam/Development/benchmarks/03.Jad-popl15/001.elimstack/benchs/_cs_elimination-backoff-stack.empty-bug.c._pp_.c line 783 function instrPush2_0 thread 0
----------------------------------------------------
  __csLOCALPARAM___CS_atomicint_cas_cmp=0 (00000000000000000000000000000000)

State 1484 file /home/trucnguyenlam/Development/benchmarks/03.Jad-popl15/001.elimstack/benchs/_cs_elimination-backoff-stack.empty-bug.c._pp_.c line 783 function instrPush2_0 thread 0
----------------------------------------------------
  __csLOCALPARAM___CS_atomicint_cas_new=2 (00000000000000000000000000000010)

State 1486 file /home/trucnguyenlam/Development/benchmarks/03.Jad-popl15/001.elimstack/benchs/_cs_elimination-backoff-stack.empty-bug.c._pp_.c line 174 function __CS_atomicint_cas thread 0
----------------------------------------------------
  collision=2 (00000000000000000000000000000010)

State 1516 file /home/trucnguyenlam/Development/benchmarks/03.Jad-popl15/001.elimstack/benchs/_cs_elimination-backoff-stack.empty-bug.c._pp_.c line 1255 function main thread 0
----------------------------------------------------
  pc[3]=31 (011111)

State 1517 file /home/trucnguyenlam/Development/benchmarks/03.Jad-popl15/001.elimstack/benchs/_cs_elimination-backoff-stack.empty-bug.c._pp_.c line 1258 function main thread 0
----------------------------------------------------
  thread_index=4 (00000000000000000000000000000100)

State 1522 file /home/trucnguyenlam/Development/benchmarks/03.Jad-popl15/001.elimstack/benchs/_cs_elimination-backoff-stack.empty-bug.c._pp_.c line 142 function guess_pc thread 0
----------------------------------------------------
  i=39 (100111)

State 1527 file /home/trucnguyenlam/Development/benchmarks/03.Jad-popl15/001.elimstack/benchs/_cs_elimination-backoff-stack.empty-bug.c._pp_.c line 1260 function main thread 0
----------------------------------------------------
  pc_cs=50 (0110010)

State 1531 file /home/trucnguyenlam/Development/benchmarks/03.Jad-popl15/001.elimstack/benchs/_cs_elimination-backoff-stack.empty-bug.c._pp_.c line 1262 function main thread 0
----------------------------------------------------
  __csLOCALPARAM_instrPop3_unused=NULL (0000000000000000000000000000000000000000000000000000000000000000)

State 1547 file /home/trucnguyenlam/Development/benchmarks/03.Jad-popl15/001.elimstack/benchs/_cs_elimination-backoff-stack.empty-bug.c._pp_.c line 944 function instrPop3_0 thread 0
----------------------------------------------------
  __csLOCAL_TryPerformStackOp_tnext=((struct Cell { struct Cell *pnext; int pdata; unsigned int $pad0; } *)NULL) (0000000000000000000000000000000000000000000000000000000000000000)

State 1552 file /home/trucnguyenlam/Development/benchmarks/03.Jad-popl15/001.elimstack/benchs/_cs_elimination-backoff-stack.empty-bug.c._pp_.c line 947 function instrPop3_0 thread 0
----------------------------------------------------
  __csLOCALPARAM___CS_atomicc_cas_p=&S.ptop (0001011100000000000000000000000000000000000000000000000000000000)

State 1553 file /home/trucnguyenlam/Development/benchmarks/03.Jad-popl15/001.elimstack/benchs/_cs_elimination-backoff-stack.empty-bug.c._pp_.c line 947 function instrPop3_0 thread 0
----------------------------------------------------
  __csLOCALPARAM___CS_atomicc_cas_cmp=&dynamic_object1.cell.pnext (0000001000000000000000000000000000000000000000000000000000001000)

State 1554 file /home/trucnguyenlam/Development/benchmarks/03.Jad-popl15/001.elimstack/benchs/_cs_elimination-backoff-stack.empty-bug.c._pp_.c line 947 function instrPop3_0 thread 0
----------------------------------------------------
  __csLOCALPARAM___CS_atomicc_cas_new=((struct Cell { struct Cell *pnext; int pdata; unsigned int $pad0; } *)NULL) (0000000000000000000000000000000000000000000000000000000000000000)

State 1560 file /home/trucnguyenlam/Development/benchmarks/03.Jad-popl15/001.elimstack/benchs/_cs_elimination-backoff-stack.empty-bug.c._pp_.c line 947 function instrPop3_0 thread 0
----------------------------------------------------
  __csLOCAL_TryPerformStackOp___if_cond_4=FALSE (00000000)

State 1564 file /home/trucnguyenlam/Development/benchmarks/03.Jad-popl15/001.elimstack/benchs/_cs_elimination-backoff-stack.empty-bug.c._pp_.c line 956 function instrPop3_0 thread 0
----------------------------------------------------
  dynamic_object8.cell.pnext=((struct Cell *)NULL) (0000000000000000000000000000000000000000000000000000000000000000)

State 1566 file /home/trucnguyenlam/Development/benchmarks/03.Jad-popl15/001.elimstack/benchs/_cs_elimination-backoff-stack.empty-bug.c._pp_.c line 957 function instrPop3_0 thread 0
----------------------------------------------------
  dynamic_object8.cell.pdata=2 (00000000000000000000000000000010)

State 1567 file /home/trucnguyenlam/Development/benchmarks/03.Jad-popl15/001.elimstack/benchs/_cs_elimination-backoff-stack.empty-bug.c._pp_.c line 958 function instrPop3_0 thread 0
----------------------------------------------------
  __retval__TryPerformStackOp_7=0 (00000000000000000000000000000000)

State 1570 file /home/trucnguyenlam/Development/benchmarks/03.Jad-popl15/001.elimstack/benchs/_cs_elimination-backoff-stack.empty-bug.c._pp_.c line 967 function instrPop3_0 thread 0
----------------------------------------------------
  __csLOCAL_Pop___if_cond_7=TRUE (00000001)

State 1573 file /home/trucnguyenlam/Development/benchmarks/03.Jad-popl15/001.elimstack/benchs/_cs_elimination-backoff-stack.empty-bug.c._pp_.c line 972 function instrPop3_0 thread 0
----------------------------------------------------
  __csLOCALPARAM_LesOP_p=&dynamic_object8.id (0000100100000000000000000000000000000000000000000000000000000000)

State 1578 file /home/trucnguyenlam/Development/benchmarks/03.Jad-popl15/001.elimstack/benchs/_cs_elimination-backoff-stack.empty-bug.c._pp_.c line 216 function __CS_atomic_chooseUniqueId thread 0
----------------------------------------------------
  __csLOCAL___CS_atomic_chooseUniqueId_i=1 (00000000000000000000000000000001)

State 1581 file /home/trucnguyenlam/Development/benchmarks/03.Jad-popl15/001.elimstack/benchs/_cs_elimination-backoff-stack.empty-bug.c._pp_.c line 219 function __CS_atomic_chooseUniqueId thread 0
----------------------------------------------------
  taken_ids[0]=1 (00000000000000000000000000000001)

State 1585 file /home/trucnguyenlam/Development/benchmarks/03.Jad-popl15/001.elimstack/benchs/_cs_elimination-backoff-stack.empty-bug.c._pp_.c line 973 function instrPop3_0 thread 0
----------------------------------------------------
  dynamic_object8.id=1 (00000000000000000000000000000001)

State 1587 file /home/trucnguyenlam/Development/benchmarks/03.Jad-popl15/001.elimstack/benchs/_cs_elimination-backoff-stack.empty-bug.c._pp_.c line 976 function instrPop3_0 thread 0
----------------------------------------------------
  __csLOCAL_LesOP_mypid=1 (00000000000000000000000000000001)

State 1589 file /home/trucnguyenlam/Development/benchmarks/03.Jad-popl15/001.elimstack/benchs/_cs_elimination-backoff-stack.empty-bug.c._pp_.c line 977 function instrPop3_0 thread 0
----------------------------------------------------
  location[0]=&dynamic_object8.id (0000100100000000000000000000000000000000000000000000000000000000)

State 1591 file /home/trucnguyenlam/Development/benchmarks/03.Jad-popl15/001.elimstack/benchs/_cs_elimination-backoff-stack.empty-bug.c._pp_.c line 979 function instrPop3_0 thread 0
----------------------------------------------------
  __csLOCAL_LesOP_him=2 (00000000000000000000000000000010)

State 1596 file /home/trucnguyenlam/Development/benchmarks/03.Jad-popl15/001.elimstack/benchs/_cs_elimination-backoff-stack.empty-bug.c._pp_.c line 980 function instrPop3_0 thread 0
----------------------------------------------------
  __csLOCALPARAM___CS_atomicint_cas_p=&collision (0001100000000000000000000000000000000000000000000000000000000000)

State 1597 file /home/trucnguyenlam/Development/benchmarks/03.Jad-popl15/001.elimstack/benchs/_cs_elimination-backoff-stack.empty-bug.c._pp_.c line 980 function instrPop3_0 thread 0
----------------------------------------------------
  __csLOCALPARAM___CS_atomicint_cas_cmp=2 (00000000000000000000000000000010)

State 1598 file /home/trucnguyenlam/Development/benchmarks/03.Jad-popl15/001.elimstack/benchs/_cs_elimination-backoff-stack.empty-bug.c._pp_.c line 980 function instrPop3_0 thread 0
----------------------------------------------------
  __csLOCALPARAM___CS_atomicint_cas_new=1 (00000000000000000000000000000001)

State 1600 file /home/trucnguyenlam/Development/benchmarks/03.Jad-popl15/001.elimstack/benchs/_cs_elimination-backoff-stack.empty-bug.c._pp_.c line 174 function __CS_atomicint_cas thread 0
----------------------------------------------------
  collision=1 (00000000000000000000000000000001)

State 1608 file /home/trucnguyenlam/Development/benchmarks/03.Jad-popl15/001.elimstack/benchs/_cs_elimination-backoff-stack.empty-bug.c._pp_.c line 984 function instrPop3_0 thread 0
----------------------------------------------------
  __csLOCAL_LesOP_q=&dynamic_object3.id (0000010000000000000000000000000000000000000000000000000000000000)

State 1617 file /home/trucnguyenlam/Development/benchmarks/03.Jad-popl15/001.elimstack/benchs/_cs_elimination-backoff-stack.empty-bug.c._pp_.c line 989 function instrPop3_0 thread 0
----------------------------------------------------
  __csLOCALPARAM___CS_atomicti_cas_p=location (0001100100000000000000000000000000000000000000000000000000000000)

State 1618 file /home/trucnguyenlam/Development/benchmarks/03.Jad-popl15/001.elimstack/benchs/_cs_elimination-backoff-stack.empty-bug.c._pp_.c line 989 function instrPop3_0 thread 0
----------------------------------------------------
  __csLOCALPARAM___CS_atomicti_cas_cmp=&dynamic_object8.id (0000100100000000000000000000000000000000000000000000000000000000)

State 1619 file /home/trucnguyenlam/Development/benchmarks/03.Jad-popl15/001.elimstack/benchs/_cs_elimination-backoff-stack.empty-bug.c._pp_.c line 989 function instrPop3_0 thread 0
----------------------------------------------------
  __csLOCALPARAM___CS_atomicti_cas_new=((struct ThreadInfo { unsigned int id; int op; struct Cell { struct Cell *pnext; int pdata; unsigned int $pad0; } cell; } *)NULL) (0000000000000000000000000000000000000000000000000000000000000000)

State 1621 file /home/trucnguyenlam/Development/benchmarks/03.Jad-popl15/001.elimstack/benchs/_cs_elimination-backoff-stack.empty-bug.c._pp_.c line 188 function __CS_atomicti_cas thread 0
----------------------------------------------------
  location[0]=((struct ThreadInfo { unsigned int id; int op; struct Cell { struct Cell *pnext; int pdata; unsigned int $pad0; } cell; } *)NULL) (0000000000000000000000000000000000000000000000000000000000000000)

State 1626 file /home/trucnguyenlam/Development/benchmarks/03.Jad-popl15/001.elimstack/benchs/_cs_elimination-backoff-stack.empty-bug.c._pp_.c line 989 function instrPop3_0 thread 0
----------------------------------------------------
  __csLOCAL_LesOP___if_cond_0=TRUE (00000001)

State 1632 file /home/trucnguyenlam/Development/benchmarks/03.Jad-popl15/001.elimstack/benchs/_cs_elimination-backoff-stack.empty-bug.c._pp_.c line 994 function instrPop3_0 thread 0
----------------------------------------------------
  __csLOCALPARAM___CS_atomic_TryCollision_p=&dynamic_object8.id (0000100100000000000000000000000000000000000000000000000000000000)

State 1633 file /home/trucnguyenlam/Development/benchmarks/03.Jad-popl15/001.elimstack/benchs/_cs_elimination-backoff-stack.empty-bug.c._pp_.c line 994 function instrPop3_0 thread 0
----------------------------------------------------
  __csLOCALPARAM___CS_atomic_TryCollision_q=&dynamic_object3.id (0000010000000000000000000000000000000000000000000000000000000000)

State 1634 file /home/trucnguyenlam/Development/benchmarks/03.Jad-popl15/001.elimstack/benchs/_cs_elimination-backoff-stack.empty-bug.c._pp_.c line 994 function instrPop3_0 thread 0
----------------------------------------------------
  __csLOCALPARAM___CS_atomic_TryCollision_him=2 (00000000000000000000000000000010)

State 1635 file /home/trucnguyenlam/Development/benchmarks/03.Jad-popl15/001.elimstack/benchs/_cs_elimination-backoff-stack.empty-bug.c._pp_.c line 239 function __CS_atomic_TryCollision thread 0
----------------------------------------------------
  __csLOCAL___CS_atomic_TryCollision_mypid=1 (00000000000000000000000000000001)

State 1641 file /home/trucnguyenlam/Development/benchmarks/03.Jad-popl15/001.elimstack/benchs/_cs_elimination-backoff-stack.empty-bug.c._pp_.c line 249 function __CS_atomic_TryCollision thread 0
----------------------------------------------------
  __csLOCALPARAM___CS_atomicti_cas_p=location + 1 (0001100100000000000000000000000000000000000000000000000000001000)

State 1642 file /home/trucnguyenlam/Development/benchmarks/03.Jad-popl15/001.elimstack/benchs/_cs_elimination-backoff-stack.empty-bug.c._pp_.c line 249 function __CS_atomic_TryCollision thread 0
----------------------------------------------------
  __csLOCALPARAM___CS_atomicti_cas_cmp=&dynamic_object3.id (0000010000000000000000000000000000000000000000000000000000000000)

State 1643 file /home/trucnguyenlam/Development/benchmarks/03.Jad-popl15/001.elimstack/benchs/_cs_elimination-backoff-stack.empty-bug.c._pp_.c line 249 function __CS_atomic_TryCollision thread 0
----------------------------------------------------
  __csLOCALPARAM___CS_atomicti_cas_new=((struct ThreadInfo { unsigned int id; int op; struct Cell { struct Cell *pnext; int pdata; unsigned int $pad0; } cell; } *)NULL) (0000000000000000000000000000000000000000000000000000000000000000)

State 1645 file /home/trucnguyenlam/Development/benchmarks/03.Jad-popl15/001.elimstack/benchs/_cs_elimination-backoff-stack.empty-bug.c._pp_.c line 188 function __CS_atomicti_cas thread 0
----------------------------------------------------
  location[1]=((struct ThreadInfo { unsigned int id; int op; struct Cell { struct Cell *pnext; int pdata; unsigned int $pad0; } cell; } *)NULL) (0000000000000000000000000000000000000000000000000000000000000000)

State 1650 file /home/trucnguyenlam/Development/benchmarks/03.Jad-popl15/001.elimstack/benchs/_cs_elimination-backoff-stack.empty-bug.c._pp_.c line 249 function __CS_atomic_TryCollision thread 0
----------------------------------------------------
  __csLOCAL___CS_atomic_TryCollision___if_cond_5=TRUE (00000001)

State 1652 file /home/trucnguyenlam/Development/benchmarks/03.Jad-popl15/001.elimstack/benchs/_cs_elimination-backoff-stack.empty-bug.c._pp_.c line 252 function __CS_atomic_TryCollision thread 0
----------------------------------------------------
  location[0]=((struct ThreadInfo { unsigned int id; int op; struct Cell { struct Cell *pnext; int pdata; unsigned int $pad0; } cell; } *)NULL) (0000000000000000000000000000000000000000000000000000000000000000)

State 1657 file /home/trucnguyenlam/Development/benchmarks/03.Jad-popl15/001.elimstack/benchs/_cs_elimination-backoff-stack.empty-bug.c._pp_.c line 994 function instrPop3_0 thread 0
----------------------------------------------------
  __csLOCAL_LesOP___if_cond_1=TRUE (00000001)

State 1663 file /home/trucnguyenlam/Development/benchmarks/03.Jad-popl15/001.elimstack/benchs/_cs_elimination-backoff-stack.empty-bug.c._pp_.c line 1090 function instrPop3_0 thread 0
----------------------------------------------------
  __csLOCAL_Pop_v=2 (00000000000000000000000000000010)

State 1664 file /home/trucnguyenlam/Development/benchmarks/03.Jad-popl15/001.elimstack/benchs/_cs_elimination-backoff-stack.empty-bug.c._pp_.c line 1091 function instrPop3_0 thread 0
----------------------------------------------------
  __retval__Pop_1=2 (00000000000000000000000000000010)

State 1666 file /home/trucnguyenlam/Development/benchmarks/03.Jad-popl15/001.elimstack/benchs/_cs_elimination-backoff-stack.empty-bug.c._pp_.c line 1096 function instrPop3_0 thread 0
----------------------------------------------------
  __csLOCAL_instrPop3_localPop_ret=2 (00000000000000000000000000000010)

State 1670 file /home/trucnguyenlam/Development/benchmarks/03.Jad-popl15/001.elimstack/benchs/_cs_elimination-backoff-stack.empty-bug.c._pp_.c line 1097 function instrPop3_0 thread 0
----------------------------------------------------
  __csLOCALPARAM___CS_atomic_atomicDecrIncr_Pop_tickStart=1 (00000000000000000000000000000001)

State 1671 file /home/trucnguyenlam/Development/benchmarks/03.Jad-popl15/001.elimstack/benchs/_cs_elimination-backoff-stack.empty-bug.c._pp_.c line 1097 function instrPop3_0 thread 0
----------------------------------------------------
  __csLOCALPARAM___CS_atomic_atomicDecrIncr_Pop_tick=1 (00000000000000000000000000000001)

State 1672 file /home/trucnguyenlam/Development/benchmarks/03.Jad-popl15/001.elimstack/benchs/_cs_elimination-backoff-stack.empty-bug.c._pp_.c line 1097 function instrPop3_0 thread 0
----------------------------------------------------
  __csLOCALPARAM___CS_atomic_atomicDecrIncr_Pop_localPop_ret=2 (00000000000000000000000000000010)

State 1673 file /home/trucnguyenlam/Development/benchmarks/03.Jad-popl15/001.elimstack/benchs/_cs_elimination-backoff-stack.empty-bug.c._pp_.c line 300 function __CS_atomic_atomicDecrIncr_Pop thread 0
----------------------------------------------------
  PopOpen[1]=0 (00000000000000000000000000000000)

State 1674 file /home/trucnguyenlam/Development/benchmarks/03.Jad-popl15/001.elimstack/benchs/_cs_elimination-backoff-stack.empty-bug.c._pp_.c line 301 function __CS_atomic_atomicDecrIncr_Pop thread 0
----------------------------------------------------
  PopDone[1][1][2]=1 (00000000000000000000000000000001)

Violated property:
  file /home/trucnguyenlam/Development/benchmarks/03.Jad-popl15/001.elimstack/benchs/_cs_elimination-backoff-stack.empty-bug.c._pp_.c line 302 function __CS_atomic_atomicDecrIncr_Pop
  assertion tmp_if_expr$111
  tmp_if_expr$111

VERIFICATION FAILED
