CBMC version 5.4 64-bit x86_64 linux
Parsing /home/trucnguyenlam/Development/getafix/getafix-concurrent/experiments/02/_cs_elimination-backoff-stack.aba-safe.c._pp_.c
Converting
Type-checking _cs_elimination-backoff-stack.aba-safe.c._pp_
Generating GOTO Program
Adding CPROVER library (x86_64)
Function Pointer Removal
Partial Inlining
Generic Property Instrumentation
Starting Bounded Model Checking
size of program expression: 20968 steps
simple slicing removed 335 assignments
Generated 14 VCC(s), 14 remaining after simplification
Passing problem to propositional reduction
converting SSA
Running propositional reduction
Post-processing
Solving with MiniSAT 2.2.1 with simplifier
2854632 variables, 11707951 clauses
SAT checker: instance is UNSATISFIABLE
Runtime decision procedure: 12223.9s
VERIFICATION SUCCESSFUL
